<?xml version="1.0" encoding="UTF-8"?>
<!-- Generated by org.testng.reporters.JUnitXMLReporter -->
<testsuite ignored="0" hostname="LTIN472878" failures="11" tests="11" name="Default test" time="2.25" errors="0" timestamp="2025-07-13T16:42:07 IST">
  <testcase classname="io.cucumber.testng.AbstractTestNGCucumberTests" name="runScenario" time="1.23">
    <failure type="java.lang.RuntimeException" message="WebDriver setup failed">
      <![CDATA[java.lang.RuntimeException: WebDriver setup failed
at com.inkarto.hooks.Hook.setUp(Hook.java:37)
Caused by: java.lang.NullPointerException: Cannot invoke "String.equalsIgnoreCase(String)" because "browser" is null
at com.inkarto.utilities.DriverSetup.driverInstantiate(DriverSetup.java:62)
at com.inkarto.hooks.Hook.setUp(Hook.java:34)
]]>
    </failure>
  </testcase> <!-- runScenario -->
  <testcase classname="io.cucumber.testng.AbstractTestNGCucumberTests" name="runScenario" time="0.019">
    <failure type="java.lang.RuntimeException" message="WebDriver setup failed">
      <![CDATA[java.lang.RuntimeException: WebDriver setup failed
at com.inkarto.hooks.Hook.setUp(Hook.java:37)
Caused by: java.lang.NullPointerException: Cannot invoke "String.equalsIgnoreCase(String)" because "browser" is null
at com.inkarto.utilities.DriverSetup.driverInstantiate(DriverSetup.java:62)
at com.inkarto.hooks.Hook.setUp(Hook.java:34)
]]>
    </failure>
  </testcase> <!-- runScenario -->
  <testcase classname="io.cucumber.testng.AbstractTestNGCucumberTests" name="runScenario" time="0.019">
    <failure type="java.lang.RuntimeException" message="WebDriver setup failed">
      <![CDATA[java.lang.RuntimeException: WebDriver setup failed
at com.inkarto.hooks.Hook.setUp(Hook.java:37)
Caused by: java.lang.NullPointerException: Cannot invoke "String.equalsIgnoreCase(String)" because "browser" is null
at com.inkarto.utilities.DriverSetup.driverInstantiate(DriverSetup.java:62)
at com.inkarto.hooks.Hook.setUp(Hook.java:34)
]]>
    </failure>
  </testcase> <!-- runScenario -->
  <testcase classname="io.cucumber.testng.AbstractTestNGCucumberTests" name="runScenario" time="0.012">
    <failure type="java.lang.RuntimeException" message="WebDriver setup failed">
      <![CDATA[java.lang.RuntimeException: WebDriver setup failed
at com.inkarto.hooks.Hook.setUp(Hook.java:37)
Caused by: java.lang.NullPointerException: Cannot invoke "String.equalsIgnoreCase(String)" because "browser" is null
at com.inkarto.utilities.DriverSetup.driverInstantiate(DriverSetup.java:62)
at com.inkarto.hooks.Hook.setUp(Hook.java:34)
]]>
    </failure>
  </testcase> <!-- runScenario -->
  <testcase classname="io.cucumber.testng.AbstractTestNGCucumberTests" name="runScenario" time="0.015">
    <failure type="java.lang.RuntimeException" message="WebDriver setup failed">
      <![CDATA[java.lang.RuntimeException: WebDriver setup failed
at com.inkarto.hooks.Hook.setUp(Hook.java:37)
Caused by: java.lang.NullPointerException: Cannot invoke "String.equalsIgnoreCase(String)" because "browser" is null
at com.inkarto.utilities.DriverSetup.driverInstantiate(DriverSetup.java:62)
at com.inkarto.hooks.Hook.setUp(Hook.java:34)
]]>
    </failure>
  </testcase> <!-- runScenario -->
  <testcase classname="io.cucumber.testng.AbstractTestNGCucumberTests" name="runScenario" time="0.022">
    <failure type="java.lang.RuntimeException" message="WebDriver setup failed">
      <![CDATA[java.lang.RuntimeException: WebDriver setup failed
at com.inkarto.hooks.Hook.setUp(Hook.java:37)
Caused by: java.lang.NullPointerException: Cannot invoke "String.equalsIgnoreCase(String)" because "browser" is null
at com.inkarto.utilities.DriverSetup.driverInstantiate(DriverSetup.java:62)
at com.inkarto.hooks.Hook.setUp(Hook.java:34)
]]>
    </failure>
  </testcase> <!-- runScenario -->
  <testcase classname="io.cucumber.testng.AbstractTestNGCucumberTests" name="runScenario" time="0.012">
    <failure type="java.lang.RuntimeException" message="WebDriver setup failed">
      <![CDATA[java.lang.RuntimeException: WebDriver setup failed
at com.inkarto.hooks.Hook.setUp(Hook.java:37)
Caused by: java.lang.NullPointerException: Cannot invoke "String.equalsIgnoreCase(String)" because "browser" is null
at com.inkarto.utilities.DriverSetup.driverInstantiate(DriverSetup.java:62)
at com.inkarto.hooks.Hook.setUp(Hook.java:34)
]]>
    </failure>
  </testcase> <!-- runScenario -->
  <testcase classname="io.cucumber.testng.AbstractTestNGCucumberTests" name="runScenario" time="0.014">
    <failure type="java.lang.RuntimeException" message="WebDriver setup failed">
      <![CDATA[java.lang.RuntimeException: WebDriver setup failed
at com.inkarto.hooks.Hook.setUp(Hook.java:37)
Caused by: java.lang.NullPointerException: Cannot invoke "String.equalsIgnoreCase(String)" because "browser" is null
at com.inkarto.utilities.DriverSetup.driverInstantiate(DriverSetup.java:62)
at com.inkarto.hooks.Hook.setUp(Hook.java:34)
]]>
    </failure>
  </testcase> <!-- runScenario -->
  <testcase classname="io.cucumber.testng.AbstractTestNGCucumberTests" name="runScenario" time="0.024">
    <failure type="java.lang.RuntimeException" message="WebDriver setup failed">
      <![CDATA[java.lang.RuntimeException: WebDriver setup failed
at com.inkarto.hooks.Hook.setUp(Hook.java:37)
Caused by: java.lang.NullPointerException: Cannot invoke "String.equalsIgnoreCase(String)" because "browser" is null
at com.inkarto.utilities.DriverSetup.driverInstantiate(DriverSetup.java:62)
at com.inkarto.hooks.Hook.setUp(Hook.java:34)
]]>
    </failure>
  </testcase> <!-- runScenario -->
  <testcase classname="io.cucumber.testng.AbstractTestNGCucumberTests" name="runScenario" time="0.016">
    <failure type="java.lang.RuntimeException" message="WebDriver setup failed">
      <![CDATA[java.lang.RuntimeException: WebDriver setup failed
at com.inkarto.hooks.Hook.setUp(Hook.java:37)
Caused by: java.lang.NullPointerException: Cannot invoke "String.equalsIgnoreCase(String)" because "browser" is null
at com.inkarto.utilities.DriverSetup.driverInstantiate(DriverSetup.java:62)
at com.inkarto.hooks.Hook.setUp(Hook.java:34)
]]>
    </failure>
  </testcase> <!-- runScenario -->
  <testcase classname="io.cucumber.testng.AbstractTestNGCucumberTests" name="runScenario" time="0.018">
    <failure type="java.lang.RuntimeException" message="WebDriver setup failed">
      <![CDATA[java.lang.RuntimeException: WebDriver setup failed
at com.inkarto.hooks.Hook.setUp(Hook.java:37)
Caused by: java.lang.NullPointerException: Cannot invoke "String.equalsIgnoreCase(String)" because "browser" is null
at com.inkarto.utilities.DriverSetup.driverInstantiate(DriverSetup.java:62)
at com.inkarto.hooks.Hook.setUp(Hook.java:34)
]]>
    </failure>
  </testcase> <!-- runScenario -->
</testsuite> <!-- Default test -->
